0 info it worked if it ends with ok
1 verbose cli [ 'C:\\Program Files\\nodejs\\node.exe',
1 verbose cli   'C:\\Program Files\\nodejs\\node_modules\\npm\\bin\\npm-cli.js',
1 verbose cli   'run',
1 verbose cli   'start' ]
2 info using npm@3.10.10
3 info using node@v6.10.0
4 verbose run-script [ 'prestart', 'start', 'poststart' ]
5 info lifecycle simpletodolist@1.0.0~prestart: simpletodolist@1.0.0
6 silly lifecycle simpletodolist@1.0.0~prestart: no script for prestart, continuing
7 info lifecycle simpletodolist@1.0.0~start: simpletodolist@1.0.0
8 verbose lifecycle simpletodolist@1.0.0~start: unsafe-perm in lifecycle true
9 verbose lifecycle simpletodolist@1.0.0~start: PATH: C:\Program Files\nodejs\node_modules\npm\bin\node-gyp-bin;G:\WebMobile\NodeJs\node+react+mongodb\simpleTodolist2\node_modules\.bin;C:\WINDOWS\system32;C:\WINDOWS;C:\WINDOWS\System32\Wbem;C:\WINDOWS\System32\WindowsPowerShell\v1.0\;H:\Program Files (x86)\git\Git\Git\cmd;C:\Program Files\nodejs\;C:\Program Files\TortoiseGit\bin;H:\xampp\php;C:\ProgramData\ComposerSetup\bin;H:\Program Files (x86)\MongoDB\MongoDB\bin;H:\Program Files (x86)\yarn\yarn\bin;C:\Ruby23-x64\bin;C:\Program Files (x86)\Ruby23-x64\bin;H:\Program Files (x86)\Ruby21-x64\bin;C:\Users\Summer\AppData\Local\Microsoft\WindowsApps;C:\Users\Summer\AppData\Roaming\npm;H:\Program Files (x86)\MongoDB\MongoDB\bin;C:\Users\Summer\AppData\Local\Yarn\bin;H:\Program Files (x86)\yarn\yarn\bin
10 verbose lifecycle simpletodolist@1.0.0~start: CWD: G:\WebMobile\NodeJs\node+react+mongodb\simpleTodolist2
11 silly lifecycle simpletodolist@1.0.0~start: Args: [ '/d /s /c', 'npm build && node src/server/app.js' ]
12 silly lifecycle simpletodolist@1.0.0~start: Returned: code: 3221225786  signal: null
13 info lifecycle simpletodolist@1.0.0~start: Failed to exec start script
14 verbose stack Error: simpletodolist@1.0.0 start: `npm build && node src/server/app.js`
14 verbose stack Exit status 3221225786
14 verbose stack     at EventEmitter.<anonymous> (C:\Program Files\nodejs\node_modules\npm\lib\utils\lifecycle.js:255:16)
14 verbose stack     at emitTwo (events.js:106:13)
14 verbose stack     at EventEmitter.emit (events.js:191:7)
14 verbose stack     at ChildProcess.<anonymous> (C:\Program Files\nodejs\node_modules\npm\lib\utils\spawn.js:40:14)
14 verbose stack     at emitTwo (events.js:106:13)
14 verbose stack     at ChildProcess.emit (events.js:191:7)
14 verbose stack     at maybeClose (internal/child_process.js:877:16)
14 verbose stack     at Process.ChildProcess._handle.onexit (internal/child_process.js:226:5)
15 verbose pkgid simpletodolist@1.0.0
16 verbose cwd G:\WebMobile\NodeJs\node+react+mongodb\simpleTodolist2
17 error Windows_NT 10.0.14393
18 error argv "C:\\Program Files\\nodejs\\node.exe" "C:\\Program Files\\nodejs\\node_modules\\npm\\bin\\npm-cli.js" "run" "start"
19 error node v6.10.0
20 error npm  v3.10.10
21 error code ELIFECYCLE
22 error simpletodolist@1.0.0 start: `npm build && node src/server/app.js`
22 error Exit status 3221225786
23 error Failed at the simpletodolist@1.0.0 start script 'npm build && node src/server/app.js'.
23 error Make sure you have the latest version of node.js and npm installed.
23 error If you do, this is most likely a problem with the simpletodolist package,
23 error not with npm itself.
23 error Tell the author that this fails on your system:
23 error     npm build && node src/server/app.js
23 error You can get information on how to open an issue for this project with:
23 error     npm bugs simpletodolist
23 error Or if that isn't available, you can get their info via:
23 error     npm owner ls simpletodolist
23 error There is likely additional logging output above.
24 verbose exit [ 1, true ]
